0 info it worked if it ends with ok
1 verbose cli [ '/usr/local/Cellar/node/6.2.2/bin/node',
1 verbose cli   '/usr/local/bin/npm',
1 verbose cli   'run',
1 verbose cli   'test' ]
2 info using npm@3.10.4
3 info using node@v6.2.2
4 verbose run-script [ 'pretest', 'test', 'posttest' ]
5 info lifecycle boarded@0.0.1-alpha1~pretest: boarded@0.0.1-alpha1
6 silly lifecycle boarded@0.0.1-alpha1~pretest: no script for pretest, continuing
7 info lifecycle boarded@0.0.1-alpha1~test: boarded@0.0.1-alpha1
8 verbose lifecycle boarded@0.0.1-alpha1~test: unsafe-perm in lifecycle true
9 verbose lifecycle boarded@0.0.1-alpha1~test: PATH: /usr/local/lib/node_modules/npm/bin/node-gyp-bin:/Users/benetis/Dev/boarded/node_modules/.bin:/usr/local/Cellar/node/6.2.2/bin:/usr/local/opt/php70/bin:/usr/local/share/python:/usr/local/bin:/usr/bin:/bin:/usr/sbin:/sbin:/usr/local/Cellar/android-sdk/24.4.1_1/tools:/usr/local/Cellar/android-sdk/24.4.1_1/platform-tools
10 verbose lifecycle boarded@0.0.1-alpha1~test: CWD: /Users/benetis/Dev/boarded
11 silly lifecycle boarded@0.0.1-alpha1~test: Args: [ '-c', 'karma start' ]
12 silly lifecycle boarded@0.0.1-alpha1~test: Returned: code: 1  signal: null
13 info lifecycle boarded@0.0.1-alpha1~test: Failed to exec test script
14 verbose stack Error: boarded@0.0.1-alpha1 test: `karma start`
14 verbose stack Exit status 1
14 verbose stack     at EventEmitter.<anonymous> (/usr/local/lib/node_modules/npm/lib/utils/lifecycle.js:242:16)
14 verbose stack     at emitTwo (events.js:106:13)
14 verbose stack     at EventEmitter.emit (events.js:191:7)
14 verbose stack     at ChildProcess.<anonymous> (/usr/local/lib/node_modules/npm/lib/utils/spawn.js:40:14)
14 verbose stack     at emitTwo (events.js:106:13)
14 verbose stack     at ChildProcess.emit (events.js:191:7)
14 verbose stack     at maybeClose (internal/child_process.js:852:16)
14 verbose stack     at Process.ChildProcess._handle.onexit (internal/child_process.js:215:5)
15 verbose pkgid boarded@0.0.1-alpha1
16 verbose cwd /Users/benetis/Dev/boarded
17 error Darwin 15.5.0
18 error argv "/usr/local/Cellar/node/6.2.2/bin/node" "/usr/local/bin/npm" "run" "test"
19 error node v6.2.2
20 error npm  v3.10.4
21 error code ELIFECYCLE
22 error boarded@0.0.1-alpha1 test: `karma start`
22 error Exit status 1
23 error Failed at the boarded@0.0.1-alpha1 test script 'karma start'.
23 error Make sure you have the latest version of node.js and npm installed.
23 error If you do, this is most likely a problem with the boarded package,
23 error not with npm itself.
23 error Tell the author that this fails on your system:
23 error     karma start
23 error You can get information on how to open an issue for this project with:
23 error     npm bugs boarded
23 error Or if that isn't available, you can get their info via:
23 error     npm owner ls boarded
23 error There is likely additional logging output above.
24 verbose exit [ 1, true ]
